<?xml version="1.0" encoding="UTF-8"?>
<!-- Generated by org.testng.reporters.JUnitReportReporter -->
<testsuite hostname="SUDHANSHU-RTRBRAT4" failures="0" tests="1" name="testcases.DBD_5218" time="68.622" errors="0" timestamp="2023-07-19T20:43:18 IST" skipped="0">
  <testcase classname="testcases.DBD_5218" name="navigateToOACDashBoardTest" time="68.622"/>
</testsuite> <!-- testcases.DBD_5218 -->
